<?xml version="1.0" encoding="UTF-8"?>
<!-- Generated by org.testng.reporters.JUnitXMLReporter -->
<testsuite ignored="0" hostname="LAPTOP-D8M0CI9E" failures="1" tests="1" name="Test1" time="8.029" errors="0" timestamp="2023-01-20T15:57:20 IST">
  <testcase classname="EndToEndFrameWorks.ProjectOne.Validation" name="validation" time="0.195">
    <failure type="java.lang.AssertionError" message="expected [FEATURED COURSsES] but found [FEATURED COURSES]">
      <![CDATA[java.lang.AssertionError: expected [FEATURED COURSsES] but found [FEATURED COURSES]
at EndToEndFrameWorks.ProjectOne.Validation.validation(Validation.java:29)
at java.base/java.util.concurrent.ThreadPoolExecutor.runWorker(ThreadPoolExecutor.java:1136)
at java.base/java.util.concurrent.ThreadPoolExecutor$Worker.run(ThreadPoolExecutor.java:635)
at java.base/java.lang.Thread.run(Thread.java:833)
... Removed 18 stack frames]]>
    </failure>
  </testcase> <!-- validation -->
</testsuite> <!-- Test1 -->
